[debug] [2019-06-02T19:27:00.817Z] ----------------------------------------------------------------------
[debug] [2019-06-02T19:27:00.820Z] Command:       C:\Program Files\nodejs\node.exe C:\Users\Diego\AppData\Roaming\npm\node_modules\firebase-tools\lib\bin\firebase.js deploy
[debug] [2019-06-02T19:27:00.820Z] CLI Version:   6.10.0
[debug] [2019-06-02T19:27:00.820Z] Platform:      win32
[debug] [2019-06-02T19:27:00.820Z] Node Version:  v8.11.4
[debug] [2019-06-02T19:27:00.821Z] Time:          Sun Jun 02 2019 12:27:00 GMT-0700 (Pacific Daylight Time)
[debug] [2019-06-02T19:27:00.821Z] ----------------------------------------------------------------------
[debug] 
[debug] [2019-06-02T19:27:00.830Z] > command requires scopes: ["email","openid","https://www.googleapis.com/auth/cloudplatformprojects.readonly","https://www.googleapis.com/auth/firebase","https://www.googleapis.com/auth/cloud-platform"]
[debug] [2019-06-02T19:27:00.831Z] > authorizing via signed-in user
[debug] [2019-06-02T19:27:00.831Z] [iam] checking project new-react8 for permissions ["firebase.projects.get","firebasehosting.sites.update"]
[debug] [2019-06-02T19:27:00.833Z] >>> HTTP REQUEST POST https://cloudresourcemanager.googleapis.com/v1/projects/new-react8:testIamPermissions  

[debug] [2019-06-02T19:27:03.239Z] <<< HTTP RESPONSE 200
[debug] [2019-06-02T19:27:03.241Z] >>> HTTP REQUEST GET https://firebase.googleapis.com/v1beta1/projects/new-react8  
 
[debug] [2019-06-02T19:27:03.921Z] <<< HTTP RESPONSE 200
[info] 
[info] === Deploying to 'new-react8'...
[info] 
[info] i  deploying hosting
[debug] [2019-06-02T19:27:03.928Z] >>> HTTP REQUEST POST https://firebasehosting.googleapis.com/v1beta1/sites/new-react8/versions  

[debug] [2019-06-02T19:27:05.123Z] <<< HTTP RESPONSE 200
[info] i  hosting[new-react8]: beginning deploy...
[info] i  hosting[new-react8]: found 16 files in build
[debug] [2019-06-02T19:27:05.137Z] [hosting] hash cache [YnVpbGQ] load error: lines is not defined
[debug] [2019-06-02T19:27:05.517Z] [hosting] hash cache [YnVpbGQ] stored for 16 files
[debug] [2019-06-02T19:27:05.517Z] [hosting][hash queue][FINAL]
[debug] [2019-06-02T19:27:05.517Z] >>> HTTP REQUEST POST https://firebasehosting.googleapis.com/v1beta1/sites/new-react8/versions/13927ee200183ac9:populateFiles  
 <request body omitted>
[debug] [2019-06-02T19:28:05.793Z] <<< HTTP RESPONSE 503
[debug] [2019-06-02T19:28:05.793Z] <<< HTTP RESPONSE BODY
[debug] [2019-06-02T19:28:06.195Z] [populateQueue] Retrying task index 0
[debug] [2019-06-02T19:28:06.195Z] >>> HTTP REQUEST POST https://firebasehosting.googleapis.com/v1beta1/sites/new-react8/versions/13927ee200183ac9:populateFiles  
 <request body omitted>
